"Signed transaction with txID: ZMKJNWBPLLGJISGKAXBHCTK7T7GZJBSK4CLQNY4AUUJE7UGALS3A\nCreated new app-id: 16012502":
    application-index: 16012502
    confirmed-round: 14549742
    global-state-delta:
        - key: bmFtZQ==
          value:
              action: 1
              bytes: aGFsaW1h
    pool-error: ""
    txn:
        sig:
            - 238
            - 231
            - 234
            - 34
            - 88
            - 246
            - 196
            - 44
            - 11
            - 193
            - 26
            - 230
            - 205
            - 227
            - 26
            - 89
            - 138
            - 238
            - 68
            - 100
            - 168
            - 79
            - 88
            - 167
            - 200
            - 102
            - 190
            - 86
            - 216
            - 128
            - 165
            - 12
            - 198
            - 171
            - 4
            - 210
            - 76
            - 160
            - 8
            - 250
            - 177
            - 204
            - 170
            - 56
            - 246
            - 73
            - 17
            - 23
            - 221
            - 182
            - 10
            - 88
            - 110
            - 26
            - 6
            - 119
            - 67
            - 109
            - 183
            - 101
            - 179
            - 63
            - 164
            - 9
        txn:
            apap:
                - 2
                - 32
                - 3
                - 0
                - 4
                - 1
                - 38
                - 3
                - 4
                - 110
                - 97
                - 109
                - 101
                - 6
                - 104
                - 97
                - 108
                - 105
                - 109
                - 97
                - 4
                - 115
                - 97
                - 102
                - 97
                - 34
                - 49
                - 25
                - 18
                - 64
                - 0
                - 8
                - 35
                - 49
                - 25
                - 18
                - 64
                - 0
                - 6
                - 0
                - 40
                - 41
                - 103
                - 36
                - 67
                - 40
                - 42
                - 103
                - 36
                - 67
            apgs:
                nbs: 10
                nui: 2
            apls:
                nui: 16
            apsu:
                - 2
                - 32
                - 1
                - 1
                - 34
                - 67
            fee: 298000
            fv: 14549739
            gen: testnet-v1.0
            gh:
                - 72
                - 99
                - 181
                - 24
                - 164
                - 179
                - 200
                - 78
                - 200
                - 16
                - 242
                - 45
                - 79
                - 16
                - 129
                - 203
                - 15
                - 113
                - 240
                - 89
                - 167
                - 172
                - 32
                - 222
                - 198
                - 47
                - 127
                - 112
                - 229
                - 9
                - 58
                - 34
            lv: 14550739
            snd:
                - 69
                - 12
                - 31
                - 149
                - 69
                - 35
                - 110
                - 126
                - 179
                - 163
                - 254
                - 9
                - 193
                - 138
                - 56
                - 183
                - 25
                - 39
                - 198
                - 126
                - 76
                - 56
                - 174
                - 98
                - 35
                - 211
                - 0
                - 242
                - 119
                - 17
                - 58
                - 42
            type: appl
